make.exe all --print-data-base --no-builtin-variables --no-builtin-rules --question
make: *** No rule to make target 'all'.  Stop.
 
# GNU Make 4.3
# Built for Windows32
# Copyright (C) 1988-2020 Free Software Foundation, Inc.
# License GPLv3+: GNU GPL version 3 or later <http://gnu.org/licenses/gpl.html>
# This is free software: you are free to change and redistribute it.
# There is NO WARRANTY, to the extent permitted by law.

# Make data base, printed on Tue Mar 08 15:04:28 2022

# Variables

# environment
SYSTEMDRIVE = C:
# environment
LC_ALL = C
# environment
USERPROFILE = C:\Users\Soft
# environment
LOCALAPPDATA = C:\Users\Soft\AppData\Local
# environment
VSCODE_IPC_HOOK_EXTHOST = \\.\pipe\vscode-ipc-f3b2eb1a-188d-4061-8274-ef605f4522b2-sock
# environment
VSCODE_CWD = C:\Users\Soft\AppData\Local\Programs\Microsoft VS Code
# environment
CHOCOLATEYINSTALL = C:\ProgramData\chocolatey
# environment
SYSTEMROOT = C:\WINDOWS
# environment
PROCESSOR_LEVEL = 6
# environment
PSMODULEPATH = C:\Program Files\WindowsPowerShell\Modules;C:\WINDOWS\system32\WindowsPowerShell\v1.0\Modules
# default
MAKE_COMMAND := C:/ProgramData/chocolatey/lib/make/tools/install/bin/make.exe
# automatic
@D = $(patsubst %/,%,$(patsubst %\,%,$(dir $@)))
# environment
CHROME_CRASHPAD_PIPE_NAME = \\.\pipe\crashpad_9016_JBNYKYVAUMSFXWYC
# environment
VSCODE_HANDLES_UNCAUGHT_ERRORS = true
# default
.VARIABLES := 
# automatic
%D = $(patsubst %/,%,$(patsubst %\,%,$(dir $%)))
# automatic
^D = $(patsubst %/,%,$(patsubst %\,%,$(dir $^)))
# environment
VSCODE_LOG_STACK = false
# automatic
%F = $(notdir $%)
# environment
VSCODE_CODE_CACHE_PATH = C:\Users\Soft\AppData\Roaming\Code\CachedData\8908a9ca0f221f36507231afb39d2d8d1e182702
# environment
LANG = C
# default
.LOADED := 
# environment
TMP = C:\Users\Soft\AppData\Local\Temp
# default
.INCLUDE_DIRS = .
# environment
PROCESSOR_ARCHITEW6432 = AMD64
# makefile
MAKEFLAGS = pqrR
# environment
ONEDRIVE = C:\Users\Soft\OneDrive
# makefile
CURDIR := c:/Users/Soft/Documents/CS4280/Project1
# environment
VSCODE_PIPE_LOGGING = true
# environment
APPLICATION_INSIGHTS_NO_DIAGNOSTIC_CHANNEL = 1
# automatic
*D = $(patsubst %/,%,$(patsubst %\,%,$(dir $*)))
# environment
PROGRAMFILES = C:\Program Files (x86)
# environment
MFLAGS = -pqrR
# default
.SHELLFLAGS := -c
# environment
COMMONPROGRAMW6432 = C:\Program Files\Common Files
# automatic
+D = $(patsubst %/,%,$(patsubst %\,%,$(dir $+)))
# makefile (from 'makefile', line 1)
MAKEFILE_LIST := makefile
# automatic
@F = $(notdir $@)
# environment
VSCODE_VERBOSE_LOGGING = true
# environment
VSCODE_PID = 9016
# automatic
?D = $(patsubst %/,%,$(patsubst %\,%,$(dir $?)))
# automatic
*F = $(notdir $*)
# automatic
<D = $(patsubst %/,%,$(patsubst %\,%,$(dir $<)))
# environment
VSCODE_NLS_CONFIG = {"locale":"en-us","availableLanguages":{},"_languagePackSupport":true}
# environment
ONEDRIVECONSUMER = C:\Users\Soft\OneDrive
# default
MAKE_HOST := Windows32
# makefile (from 'makefile', line 4)
OBJS = main.o scanner.o testScanner.o
# environment
PROGRAMDATA = C:\ProgramData
# default
SHELL := sh.exe
# environment
HOMEPATH = \Users\Soft
# default
MAKECMDGOALS := all
# environment
DRIVERDATA = C:\Windows\System32\Drivers\DriverData
# environment
COMSPEC = C:\WINDOWS\system32\cmd.exe
# environment
WINDIR = C:\WINDOWS
# environment
MAKELEVEL := 0
# default
MAKE = $(MAKE_COMMAND)
# environment
PATH = C:\Program Files\Common Files\Oracle\Java\javapath;C:\WINDOWS\system32;C:\WINDOWS;C:\WINDOWS\System32\Wbem;C:\WINDOWS\System32\WindowsPowerShell\v1.0\;C:\WINDOWS\System32\OpenSSH\;C:\Program Files\NVIDIA Corporation\NVIDIA NvDLISR;C:\Program Files (x86)\NVIDIA Corporation\PhysX\Common;C:\Users\Soft\AppData\Roaming\Python\Python39\Scripts;C:\Program Files\nodejs\;C:\ProgramData\chocolatey\bin;C:\Program Files\swipl\bin;C:\MinGW\bin;C:\Program Files\Git\cmd;C:\Users\Soft\AppData\Local\Programs\Python\Python39\Scripts\;C:\Users\Soft\AppData\Local\Programs\Python\Python39\;C:\Users\Soft\AppData\Local\Microsoft\WindowsApps;C:\MinGW\bin;C:\Users\Soft\AppData\Roaming\npm;C:\Users\Soft\AppData\Local\GitHubDesktop\bin;C:\Program Files\JetBrains\PyCharm Community Edition 2021.2.2\bin;;C:\ProgramData\chocolatey\lib\mingw\tools\install\mingw64\bin;C:\Users\Soft\AppData\Local\Programs\Microsoft VS Code\bin
# environment
COMPUTERNAME = BRETTPC
# default
MAKEFILES := 
# automatic
^F = $(notdir $^)
# environment
PROMPT = $P$G
# environment
CHOCOLATEYLASTPATHUPDATE = 132893486673199409
# environment
LOGONSERVER = \\BRETTPC
# environment
VSCODE_LOG_NATIVE = false
# environment
USERNAME = Soft
# environment
COMMONPROGRAMFILES = C:\Program Files (x86)\Common Files
# automatic
?F = $(notdir $?)
# environment
PROGRAMW6432 = C:\Program Files
# environment
PATHEXT = .COM;.EXE;.BAT;.CMD;.VBS;.VBE;.JS;.JSE;.WSF;.WSH;.MSC
# automatic
+F = $(notdir $+)
# environment
ORIGINAL_XDG_CURRENT_DESKTOP = undefined
# environment
USERDOMAIN = BRETTPC
# 'override' directive
GNUMAKEFLAGS := 
# environment
OS = Windows_NT
# environment
__COMPAT_LAYER = DetectorsAppHealth
# makefile
.DEFAULT_GOAL := scanner
# default
MAKE_VERSION := 4.3
# environment
PROGRAMFILES(X86) = C:\Program Files (x86)
# environment
USERDOMAIN_ROAMINGPROFILE = BRETTPC
# environment
NUMBER_OF_PROCESSORS = 12
# environment
PUBLIC = C:\Users\Public
# environment
APPDATA = C:\Users\Soft\AppData\Roaming
# makefile (from 'makefile', line 2)
CFLAGS = -g -std=c++11
# environment
HOMEDRIVE = C:
# environment
PROCESSOR_ARCHITECTURE = x86
# environment
PYCHARM COMMUNITY EDITION = C:\Program Files\JetBrains\PyCharm Community Edition 2021.2.2\bin;
# environment
VSCODE_AMD_ENTRYPOINT = vs/workbench/api/node/extensionHostProcess
# environment
COMMONPROGRAMFILES(X86) = C:\Program Files (x86)\Common Files
# environment
ELECTRON_RUN_AS_NODE = 1
# environment
TEMP = C:\Users\Soft\AppData\Local\Temp
# environment
VSCODE_IPC_HOOK = \\.\pipe\9a6adc2bd872b6dd4905716f6880413a-1.65.1-main-sock
# default
.RECIPEPREFIX := 
# automatic
<F = $(notdir $<)
# default
SUFFIXES := 
# environment
ALLUSERSPROFILE = C:\ProgramData
# makefile (from 'makefile', line 3)
TARGET = scanner
# environment
SESSIONNAME = Console
# default
.FEATURES := target-specific order-only second-expansion else-if shortest-stem undefine oneshell nocomment grouped-target extra-prereqs archives jobserver output-sync load
# environment
PROCESSOR_REVISION = 9e0a
# makefile (from 'makefile', line 1)
CC = g++
# environment
PROCESSOR_IDENTIFIER = Intel64 Family 6 Model 158 Stepping 10, GenuineIntel
# variable set hash-table stats:
# Load=101/1024=10%, Rehash=0, Collisions=11/130=8%

# Pattern-specific Variable Values

# No pattern-specific variable values.

# Directories

# . (key c:/Users/Soft/Documents/CS4280/Project1, mtime 1646770485): 13 files, no impossibilities.

# 13 files, no impossibilities in 1 directories.

# Implicit Rules

# No implicit rules.

# Files

# Not a target:
scanner.cpp:
#  Implicit rule search has not been done.
#  Modification time never checked.
#  File has not been updated.

clean:
#  Implicit rule search has not been done.
#  Modification time never checked.
#  File has not been updated.
#  recipe to execute (from 'makefile', line 19):
	rm -rf *.o scanner

# Not a target:
testScanner.cpp:
#  Implicit rule search has not been done.
#  Modification time never checked.
#  File has not been updated.

# Not a target:
.DEFAULT:
#  Implicit rule search has not been done.
#  Modification time never checked.
#  File has not been updated.

# Not a target:
all:
#  Command line target.
#  Implicit rule search has been done.
#  File does not exist.
#  File has not been updated.

# Not a target:
main.cpp:
#  Implicit rule search has not been done.
#  Modification time never checked.
#  File has not been updated.

main.o: main.cpp
#  Implicit rule search has not been done.
#  Modification time never checked.
#  File has not been updated.
#  recipe to execute (from 'makefile', line 10):
	$(CC) $(CFLAGS) -c main.cpp

scanner.o: scanner.cpp
#  Implicit rule search has not been done.
#  Modification time never checked.
#  File has not been updated.
#  recipe to execute (from 'makefile', line 13):
	$(CC) $(CFLAGS) -c scanner.cpp

# Not a target:
makefile:
#  Implicit rule search has been done.
#  Last modified 2022-03-08 10:40:02
#  File has been updated.
#  Successfully updated.

testScanner.o: testScanner.cpp
#  Implicit rule search has not been done.
#  Modification time never checked.
#  File has not been updated.
#  recipe to execute (from 'makefile', line 16):
	$(CC) $(CFLAGS) -c testScanner.cpp

scanner: main.o scanner.o testScanner.o
#  Implicit rule search has not been done.
#  Modification time never checked.
#  File has not been updated.
#  recipe to execute (from 'makefile', line 7):
	$(CC) -o $(TARGET) $(OBJS)

# files hash-table stats:
# Load=12/1024=1%, Rehash=0, Collisions=0/31=0%
# VPATH Search Paths

# No 'vpath' search paths.

# No general ('VPATH' variable) search path.

# strcache buffers: 1 (0) / strings = 21 / storage = 203 B / avg = 9 B
# current buf: size = 8174 B / used = 203 B / count = 21 / avg = 9 B

# strcache performance: lookups = 36 / hit rate = 41%
# hash-table stats:
# Load=21/8192=0%, Rehash=0, Collisions=0/36=0%
# Finished Make data base on Tue Mar 08 15:04:28 2022

 
